C:\USERS\青\DOCUMENTS\GITHUB\FIBER\RELEASE\WARNINGALGORITHM.DLL
C:\Users\青\Documents\GitHub\fiber\Release\WarningAlgorithm.exp
C:\Users\青\Documents\GitHub\fiber\Release\WarningAlgorithm.lib
C:\USERS\青\DOCUMENTS\GITHUB\FIBER\RELEASE\WARNINGALGORITHM.PDB
C:\Users\青\Documents\GitHub\fiber\WarningAlgorithm\Release\cl.command.1.tlog
C:\Users\青\Documents\GitHub\fiber\WarningAlgorithm\Release\CL.read.1.tlog
C:\Users\青\Documents\GitHub\fiber\WarningAlgorithm\Release\CL.write.1.tlog
C:\USERS\青\DOCUMENTS\GITHUB\FIBER\WARNINGALGORITHM\RELEASE\DLLMAIN.OBJ
C:\Users\青\Documents\GitHub\fiber\WarningAlgorithm\Release\link.command.1.tlog
C:\Users\青\Documents\GitHub\fiber\WarningAlgorithm\Release\link.read.1.tlog
C:\Users\青\Documents\GitHub\fiber\WarningAlgorithm\Release\link.write.1.tlog
C:\Users\青\Documents\GitHub\fiber\WarningAlgorithm\Release\mt.command.1.tlog
C:\Users\青\Documents\GitHub\fiber\WarningAlgorithm\Release\mt.read.1.tlog
C:\Users\青\Documents\GitHub\fiber\WarningAlgorithm\Release\mt.write.1.tlog
C:\USERS\青\DOCUMENTS\GITHUB\FIBER\WARNINGALGORITHM\RELEASE\STDAFX.OBJ
C:\USERS\青\DOCUMENTS\GITHUB\FIBER\WARNINGALGORITHM\RELEASE\VC100.PDB
C:\USERS\青\DOCUMENTS\GITHUB\FIBER\WARNINGALGORITHM\RELEASE\WARNINGALGORITHM.DLL.INTERMEDIATE.MANIFEST
C:\USERS\青\DOCUMENTS\GITHUB\FIBER\WARNINGALGORITHM\RELEASE\WARNINGALGORITHM.OBJ
C:\USERS\青\DOCUMENTS\GITHUB\FIBER\WARNINGALGORITHM\RELEASE\WARNINGALGORITHM.PCH
C:\Users\青\Documents\GitHub\fiber\WarningAlgorithm\Release\WarningAlgorithm.write.1.tlog
