C:\USERS\青\DOCUMENTS\GITHUB\FIBER\DEBUG\PCIECOLLECTION.DLL
C:\USERS\青\DOCUMENTS\GITHUB\FIBER\DEBUG\PCIECOLLECTION.DLL.MANIFEST
C:\Users\青\Documents\GitHub\fiber\Debug\PCIECollection.exp
C:\USERS\青\DOCUMENTS\GITHUB\FIBER\DEBUG\PCIECOLLECTION.ILK
C:\Users\青\Documents\GitHub\fiber\Debug\PCIECollection.lib
C:\USERS\青\DOCUMENTS\GITHUB\FIBER\DEBUG\PCIECOLLECTION.PDB
C:\Users\青\Documents\GitHub\fiber\PCIECollection\Debug\cl.command.1.tlog
C:\Users\青\Documents\GitHub\fiber\PCIECollection\Debug\CL.read.1.tlog
C:\Users\青\Documents\GitHub\fiber\PCIECollection\Debug\CL.write.1.tlog
C:\USERS\青\DOCUMENTS\GITHUB\FIBER\PCIECOLLECTION\DEBUG\DLLMAIN.OBJ
C:\Users\青\Documents\GitHub\fiber\PCIECollection\Debug\link.command.1.tlog
C:\Users\青\Documents\GitHub\fiber\PCIECollection\Debug\link.read.1.tlog
C:\Users\青\Documents\GitHub\fiber\PCIECollection\Debug\link.write.1.tlog
C:\Users\青\Documents\GitHub\fiber\PCIECollection\Debug\mt.command.1.tlog
C:\Users\青\Documents\GitHub\fiber\PCIECollection\Debug\mt.read.1.tlog
C:\Users\青\Documents\GitHub\fiber\PCIECollection\Debug\mt.write.1.tlog
C:\USERS\青\DOCUMENTS\GITHUB\FIBER\PCIECOLLECTION\DEBUG\PCIECOLLECTION.DLL.INTERMEDIATE.MANIFEST
C:\USERS\青\DOCUMENTS\GITHUB\FIBER\PCIECOLLECTION\DEBUG\PCIECOLLECTION.OBJ
C:\USERS\青\DOCUMENTS\GITHUB\FIBER\PCIECOLLECTION\DEBUG\PCIECOLLECTION.PCH
C:\Users\青\Documents\GitHub\fiber\PCIECollection\Debug\PCIECollection.write.1.tlog
C:\USERS\青\DOCUMENTS\GITHUB\FIBER\PCIECOLLECTION\DEBUG\STDAFX.OBJ
C:\Users\青\Documents\GitHub\fiber\PCIECollection\Debug\vc100.idb
C:\USERS\青\DOCUMENTS\GITHUB\FIBER\PCIECOLLECTION\DEBUG\VC100.PDB
