C:\Users\青\Documents\GitHub\fiber\Middleware\Release\cl.command.1.tlog
C:\Users\青\Documents\GitHub\fiber\Middleware\Release\CL.read.1.tlog
C:\Users\青\Documents\GitHub\fiber\Middleware\Release\CL.write.1.tlog
C:\USERS\青\DOCUMENTS\GITHUB\FIBER\MIDDLEWARE\RELEASE\DLLMAIN.OBJ
C:\Users\青\Documents\GitHub\fiber\Middleware\Release\link.command.1.tlog
C:\Users\青\Documents\GitHub\fiber\Middleware\Release\link.read.1.tlog
C:\Users\青\Documents\GitHub\fiber\Middleware\Release\link.write.1.tlog
C:\USERS\青\DOCUMENTS\GITHUB\FIBER\MIDDLEWARE\RELEASE\MIDDLEWARE.DLL.INTERMEDIATE.MANIFEST
C:\USERS\青\DOCUMENTS\GITHUB\FIBER\MIDDLEWARE\RELEASE\MIDDLEWARE.OBJ
C:\USERS\青\DOCUMENTS\GITHUB\FIBER\MIDDLEWARE\RELEASE\MIDDLEWARE.PCH
C:\Users\青\Documents\GitHub\fiber\Middleware\Release\Middleware.write.1.tlog
C:\Users\青\Documents\GitHub\fiber\Middleware\Release\mt.command.1.tlog
C:\Users\青\Documents\GitHub\fiber\Middleware\Release\mt.read.1.tlog
C:\Users\青\Documents\GitHub\fiber\Middleware\Release\mt.write.1.tlog
C:\USERS\青\DOCUMENTS\GITHUB\FIBER\MIDDLEWARE\RELEASE\STDAFX.OBJ
C:\USERS\青\DOCUMENTS\GITHUB\FIBER\MIDDLEWARE\RELEASE\VC100.PDB
C:\USERS\青\DOCUMENTS\GITHUB\FIBER\RELEASE\MIDDLEWARE.DLL
C:\Users\青\Documents\GitHub\fiber\Release\Middleware.exp
C:\Users\青\Documents\GitHub\fiber\Release\Middleware.lib
C:\USERS\青\DOCUMENTS\GITHUB\FIBER\RELEASE\MIDDLEWARE.PDB
